<?xml version="1.0" encoding="UTF-8"?>
<!-- Generated by org.testng.reporters.JUnitXMLReporter -->
<testsuite ignored="6" hostname="MacBook-Pro.local" failures="0" tests="9" name="All Negative Scenarios" time="10.701" errors="0" timestamp="2026-01-27T21:52:56 CET">
  <testcase classname="com.qa.swaglabs.tests.LoginTest" name="testLoginWithEmptyPasswordField" time="0.131"/>
  <testcase classname="com.qa.swaglabs.tests.LoginTest" name="testLoginWithEmptyUsernameField" time="0.126"/>
  <testcase classname="com.qa.swaglabs.tests.LoginTest" name="testLoginWithInvalidCredential" time="0.132"/>
  <testcase classname="com.qa.swaglabs.tests.LoginTest" name="testLoginWithInvalidPassword" time="0.13"/>
  <testcase classname="com.qa.swaglabs.tests.LoginTest" name="testLoginwithLockedUser" time="0.131"/>
  <testcase classname="com.qa.swaglabs.tests.CheckoutTest" name="testCheckoutWithEmptyCart" time="0.048"/>
  <testcase classname="com.qa.swaglabs.tests.CheckoutTest" name="testCheckoutWithEmptyFirstName" time="0.155"/>
  <testcase classname="com.qa.swaglabs.tests.CheckoutTest" name="testCheckoutWithEmptyLastName" time="0.155"/>
  <testcase classname="com.qa.swaglabs.tests.CheckoutTest" name="testCheckoutWithEmptyZip" time="0.15"/>
  <testcase classname="com.qa.swaglabs.tests.CheckoutTest" name="testProceedToCheckoutForm" time="0.0">
    <ignored/>
  </testcase> <!-- testProceedToCheckoutForm -->
  <testcase classname="com.qa.swaglabs.tests.CheckoutTest" name="fillCheckoutForm" time="0.0">
    <ignored/>
  </testcase> <!-- fillCheckoutForm -->
  <testcase classname="com.qa.swaglabs.tests.CheckoutTest" name="testCompleteOrder" time="0.0">
    <ignored/>
  </testcase> <!-- testCompleteOrder -->
  <testcase classname="com.qa.swaglabs.tests.CheckoutTest" name="testOrderTotalCalculation" time="0.0">
    <ignored/>
  </testcase> <!-- testOrderTotalCalculation -->
  <testcase classname="com.qa.swaglabs.tests.CheckoutTest" name="testReturnToHomepageAfterOrder" time="0.0">
    <ignored/>
  </testcase> <!-- testReturnToHomepageAfterOrder -->
  <testcase classname="com.qa.swaglabs.tests.LoginTest" name="testLoginWithValidCredential" time="0.0">
    <ignored/>
  </testcase> <!-- testLoginWithValidCredential -->
</testsuite> <!-- All Negative Scenarios -->
