<?xml version="1.0" encoding="UTF-8"?>
<!-- Generated by org.testng.reporters.JUnitXMLReporter -->
<testsuite ignored="8" hostname="MacBook-Pro.local" failures="0" tests="1" name="Default test" time="1.616" errors="0" timestamp="2026-01-27T21:48:25 CET">
  <testcase classname="com.qa.swaglabs.tests.CheckoutTest" name="testOrderTotalCalculation" time="0.182"/>
  <testcase classname="com.qa.swaglabs.tests.CheckoutTest" name="fillCheckoutForm" time="0.0">
    <ignored/>
  </testcase> <!-- fillCheckoutForm -->
  <testcase classname="com.qa.swaglabs.tests.CheckoutTest" name="testCompleteOrder" time="0.0">
    <ignored/>
  </testcase> <!-- testCompleteOrder -->
  <testcase classname="com.qa.swaglabs.tests.CheckoutTest" name="testCheckoutWithEmptyFirstName" time="0.0">
    <ignored/>
  </testcase> <!-- testCheckoutWithEmptyFirstName -->
  <testcase classname="com.qa.swaglabs.tests.CheckoutTest" name="testReturnToHomepageAfterOrder" time="0.0">
    <ignored/>
  </testcase> <!-- testReturnToHomepageAfterOrder -->
  <testcase classname="com.qa.swaglabs.tests.CheckoutTest" name="testCheckoutWithEmptyLastName" time="0.0">
    <ignored/>
  </testcase> <!-- testCheckoutWithEmptyLastName -->
  <testcase classname="com.qa.swaglabs.tests.CheckoutTest" name="testProceedToCheckoutForm" time="0.0">
    <ignored/>
  </testcase> <!-- testProceedToCheckoutForm -->
  <testcase classname="com.qa.swaglabs.tests.CheckoutTest" name="testCheckoutWithEmptyZip" time="0.0">
    <ignored/>
  </testcase> <!-- testCheckoutWithEmptyZip -->
  <testcase classname="com.qa.swaglabs.tests.CheckoutTest" name="testCheckoutWithEmptyCart" time="0.0">
    <ignored/>
  </testcase> <!-- testCheckoutWithEmptyCart -->
</testsuite> <!-- Default test -->
