<?xml version="1.0" encoding="UTF-8"?>
<!-- Generated by org.testng.reporters.JUnitXMLReporter -->
<testsuite ignored="7" hostname="MacBook-Pro.local" failures="0" tests="1" name="Default test" time="1.506" errors="0" timestamp="2026-01-28T11:02:03 CET">
  <testcase classname="com.qa.swaglabs.tests.PLPTest" name="testAddProductFromPDP" time="0.078"/>
  <testcase classname="com.qa.swaglabs.tests.PLPTest" name="testSortByPrice_Low" time="0.0">
    <ignored/>
  </testcase> <!-- testSortByPrice_Low -->
  <testcase classname="com.qa.swaglabs.tests.PLPTest" name="testOpenPDP" time="0.0">
    <ignored/>
  </testcase> <!-- testOpenPDP -->
  <testcase classname="com.qa.swaglabs.tests.PLPTest" name="testRemoveProductFromCart" time="0.0">
    <ignored/>
  </testcase> <!-- testRemoveProductFromCart -->
  <testcase classname="com.qa.swaglabs.tests.PLPTest" name="testAddProductToCart" time="0.0">
    <ignored/>
  </testcase> <!-- testAddProductToCart -->
  <testcase classname="com.qa.swaglabs.tests.PLPTest" name="testSortByNameA_Z" time="0.0">
    <ignored/>
  </testcase> <!-- testSortByNameA_Z -->
  <testcase classname="com.qa.swaglabs.tests.PLPTest" name="testInventoryPageLoadsCorrectly" time="0.0">
    <ignored/>
  </testcase> <!-- testInventoryPageLoadsCorrectly -->
  <testcase classname="com.qa.swaglabs.tests.PLPTest" name="testOpenCart" time="0.0">
    <ignored/>
  </testcase> <!-- testOpenCart -->
</testsuite> <!-- Default test -->
