<?xml version="1.0" encoding="UTF-8"?>
<!-- Generated by org.testng.reporters.JUnitXMLReporter -->
<testsuite ignored="0" hostname="MacBook-Pro.local" failures="1" tests="23" name="All SwagLabs Tests" time="39.737" errors="0" timestamp="2026-01-28T10:55:39 CET">
  <testcase classname="com.qa.swaglabs.tests.LoginTest" name="testLoginWithEmptyPasswordField" time="0.167"/>
  <testcase classname="com.qa.swaglabs.tests.LoginTest" name="testLoginWithEmptyUsernameField" time="0.2"/>
  <testcase classname="com.qa.swaglabs.tests.LoginTest" name="testLoginWithInvalidCredentials" time="0.161"/>
  <testcase classname="com.qa.swaglabs.tests.LoginTest" name="testLoginWithInvalidPassword" time="0.156"/>
  <testcase classname="com.qa.swaglabs.tests.LoginTest" name="testLoginWithLockedUser" time="0.167"/>
  <testcase classname="com.qa.swaglabs.tests.LoginTest" name="testLoginWithValidCredentials" time="0.148"/>
  <testcase classname="com.qa.swaglabs.tests.PLPTest" name="testAddProductFromPDP" time="10.36">
    <failure type="org.openqa.selenium.TimeoutException" message="Expected condition failed: waiting for presence of any elements located by By.cssSelector: [data-test=&amp;apos;shopping-cart-badge&amp;apos;] (tried for 10 second(s) with 500 milliseconds interval)
Build info: version: &amp;apos;4.25.0&amp;apos;, revision: &amp;apos;8a8aea2337&amp;apos;
System info: os.name: &amp;apos;Mac OS X&amp;apos;, os.arch: &amp;apos;aarch64&amp;apos;, os.version: &amp;apos;26.0.1&amp;apos;, java.version: &amp;apos;21.0.8&amp;apos;
Driver info: org.openqa.selenium.chrome.ChromeDriver
Capabilities {acceptInsecureCerts: false, browserName: chrome, browserVersion: 144.0.7559.97, chrome: {chromedriverVersion: 144.0.7559.96 (d7b80622cfab..., userDataDir: /var/folders/7p/hrnbqj5130z...}, fedcm:accounts: true, goog:chromeOptions: {debuggerAddress: localhost:55328}, goog:processID: 53174, networkConnectionEnabled: false, pageLoadStrategy: normal, platformName: mac, proxy: Proxy(), se:cdp: ws://localhost:55328/devtoo..., se:cdpVersion: 144.0.7559.97, setWindowRect: true, strictFileInteractability: false, timeouts: {implicit: 0, pageLoad: 300000, script: 30000}, unhandledPromptBehavior: dismiss and notify, webauthn:extension:credBlob: true, webauthn:extension:largeBlob: true, webauthn:extension:minPinLength: true, webauthn:extension:prf: true, webauthn:virtualAuthenticators: true}
Session ID: 62a06f5ceaf02d09cac4e660425b5044">
      <![CDATA[org.openqa.selenium.TimeoutException: Expected condition failed: waiting for presence of any elements located by By.cssSelector: [data-test='shopping-cart-badge'] (tried for 10 second(s) with 500 milliseconds interval)
Build info: version: '4.25.0', revision: '8a8aea2337'
System info: os.name: 'Mac OS X', os.arch: 'aarch64', os.version: '26.0.1', java.version: '21.0.8'
Driver info: org.openqa.selenium.chrome.ChromeDriver
Capabilities {acceptInsecureCerts: false, browserName: chrome, browserVersion: 144.0.7559.97, chrome: {chromedriverVersion: 144.0.7559.96 (d7b80622cfab..., userDataDir: /var/folders/7p/hrnbqj5130z...}, fedcm:accounts: true, goog:chromeOptions: {debuggerAddress: localhost:55328}, goog:processID: 53174, networkConnectionEnabled: false, pageLoadStrategy: normal, platformName: mac, proxy: Proxy(), se:cdp: ws://localhost:55328/devtoo..., se:cdpVersion: 144.0.7559.97, setWindowRect: true, strictFileInteractability: false, timeouts: {implicit: 0, pageLoad: 300000, script: 30000}, unhandledPromptBehavior: dismiss and notify, webauthn:extension:credBlob: true, webauthn:extension:largeBlob: true, webauthn:extension:minPinLength: true, webauthn:extension:prf: true, webauthn:virtualAuthenticators: true}
Session ID: 62a06f5ceaf02d09cac4e660425b5044
at org.openqa.selenium.support.ui.WebDriverWait.timeoutException(WebDriverWait.java:84)
at org.openqa.selenium.support.ui.FluentWait.until(FluentWait.java:228)
at com.qa.swaglabs.pages.InventoryPage.getCartBadgeCount(InventoryPage.java:43)
at com.qa.swaglabs.tests.PLPTest.testAddProductFromPDP(PLPTest.java:138)
at java.base/java.util.ArrayList.forEach(ArrayList.java:1596)
... Removed 25 stack frames]]>
    </failure>
  </testcase> <!-- testAddProductFromPDP -->
  <testcase classname="com.qa.swaglabs.tests.PLPTest" name="testAddProductToCart" time="0.081"/>
  <testcase classname="com.qa.swaglabs.tests.PLPTest" name="testInventoryPageLoadsCorrectly" time="0.008"/>
  <testcase classname="com.qa.swaglabs.tests.PLPTest" name="testOpenCart" time="0.099"/>
  <testcase classname="com.qa.swaglabs.tests.PLPTest" name="testOpenPDP" time="0.042"/>
  <testcase classname="com.qa.swaglabs.tests.PLPTest" name="testRemoveProductFromCart" time="0.1"/>
  <testcase classname="com.qa.swaglabs.tests.PLPTest" name="testSortByNameA_Z" time="0.057"/>
  <testcase classname="com.qa.swaglabs.tests.PLPTest" name="testSortByPrice_Low" time="0.064"/>
  <testcase classname="com.qa.swaglabs.tests.CheckoutTest" name="testCheckoutWithEmptyCart" time="0.059"/>
  <testcase classname="com.qa.swaglabs.tests.CheckoutTest" name="testCheckoutWithEmptyFirstName" time="0.164"/>
  <testcase classname="com.qa.swaglabs.tests.CheckoutTest" name="testCheckoutWithEmptyLastName" time="0.163"/>
  <testcase classname="com.qa.swaglabs.tests.CheckoutTest" name="testCheckoutWithEmptyZip" time="0.182"/>
  <testcase classname="com.qa.swaglabs.tests.CheckoutTest" name="testCompleteOrder" time="0.193"/>
  <testcase classname="com.qa.swaglabs.tests.CheckoutTest" name="testFillCheckoutForm" time="0.163"/>
  <testcase classname="com.qa.swaglabs.tests.CheckoutTest" name="testOrderTotalCalculation" time="0.197"/>
  <testcase classname="com.qa.swaglabs.tests.CheckoutTest" name="testProceedToCheckoutForm" time="0.076"/>
  <testcase classname="com.qa.swaglabs.tests.CheckoutTest" name="testReturnToHomepageAfterOrder" time="0.235"/>
</testsuite> <!-- All SwagLabs Tests -->
