<?xml version="1.0" encoding="UTF-8"?>
<!-- Generated by org.testng.reporters.JUnitXMLReporter -->
<testsuite ignored="0" hostname="MacBook-Pro.local" failures="0" tests="9" name="Checkout Flow Tests" time="11.322" errors="0" timestamp="2026-01-27T21:49:06 CET">
  <testcase classname="com.qa.swaglabs.tests.CheckoutTest" name="fillCheckoutForm" time="0.166"/>
  <testcase classname="com.qa.swaglabs.tests.CheckoutTest" name="testCheckoutWithEmptyCart" time="0.049"/>
  <testcase classname="com.qa.swaglabs.tests.CheckoutTest" name="testCheckoutWithEmptyFirstName" time="0.157"/>
  <testcase classname="com.qa.swaglabs.tests.CheckoutTest" name="testCheckoutWithEmptyLastName" time="0.149"/>
  <testcase classname="com.qa.swaglabs.tests.CheckoutTest" name="testCheckoutWithEmptyZip" time="0.15"/>
  <testcase classname="com.qa.swaglabs.tests.CheckoutTest" name="testCompleteOrder" time="0.167"/>
  <testcase classname="com.qa.swaglabs.tests.CheckoutTest" name="testOrderTotalCalculation" time="0.17"/>
  <testcase classname="com.qa.swaglabs.tests.CheckoutTest" name="testProceedToCheckoutForm" time="0.075"/>
  <testcase classname="com.qa.swaglabs.tests.CheckoutTest" name="testReturnToHomepageAfterOrder" time="0.193"/>
</testsuite> <!-- Checkout Flow Tests -->
