<?xml version="1.0" encoding="UTF-8"?>
<!-- Generated by org.testng.reporters.JUnitXMLReporter -->
<testsuite ignored="20" hostname="MacBook-Pro.local" failures="0" tests="3" name="Critical Priority Tests" time="3.878" errors="0" timestamp="2026-01-27T21:49:54 CET">
  <testcase classname="com.qa.swaglabs.tests.LoginTest" name="testLoginWithValidCredential" time="0.133"/>
  <testcase classname="com.qa.swaglabs.tests.PLPTest" name="pageLoadsCorrectly" time="0.005"/>
  <testcase classname="com.qa.swaglabs.tests.CheckoutTest" name="testCompleteOrder" time="0.179"/>
  <testcase classname="com.qa.swaglabs.tests.CheckoutTest" name="testOrderTotalCalculation" time="0.0">
    <ignored/>
  </testcase> <!-- testOrderTotalCalculation -->
  <testcase classname="com.qa.swaglabs.tests.PLPTest" name="removeProductFromCart" time="0.0">
    <ignored/>
  </testcase> <!-- removeProductFromCart -->
  <testcase classname="com.qa.swaglabs.tests.PLPTest" name="addProductToCart" time="0.0">
    <ignored/>
  </testcase> <!-- addProductToCart -->
  <testcase classname="com.qa.swaglabs.tests.CheckoutTest" name="testCheckoutWithEmptyCart" time="0.0">
    <ignored/>
  </testcase> <!-- testCheckoutWithEmptyCart -->
  <testcase classname="com.qa.swaglabs.tests.PLPTest" name="openCart" time="0.0">
    <ignored/>
  </testcase> <!-- openCart -->
  <testcase classname="com.qa.swaglabs.tests.PLPTest" name="sortByNameA_Z" time="0.0">
    <ignored/>
  </testcase> <!-- sortByNameA_Z -->
  <testcase classname="com.qa.swaglabs.tests.PLPTest" name="openPDP" time="0.0">
    <ignored/>
  </testcase> <!-- openPDP -->
  <testcase classname="com.qa.swaglabs.tests.LoginTest" name="testLoginWithEmptyPasswordField" time="0.0">
    <ignored/>
  </testcase> <!-- testLoginWithEmptyPasswordField -->
  <testcase classname="com.qa.swaglabs.tests.LoginTest" name="testLoginWithInvalidCredential" time="0.0">
    <ignored/>
  </testcase> <!-- testLoginWithInvalidCredential -->
  <testcase classname="com.qa.swaglabs.tests.PLPTest" name="addProductFromPDP" time="0.0">
    <ignored/>
  </testcase> <!-- addProductFromPDP -->
  <testcase classname="com.qa.swaglabs.tests.CheckoutTest" name="fillCheckoutForm" time="0.0">
    <ignored/>
  </testcase> <!-- fillCheckoutForm -->
  <testcase classname="com.qa.swaglabs.tests.CheckoutTest" name="testCheckoutWithEmptyFirstName" time="0.0">
    <ignored/>
  </testcase> <!-- testCheckoutWithEmptyFirstName -->
  <testcase classname="com.qa.swaglabs.tests.LoginTest" name="testLoginWithInvalidPassword" time="0.0">
    <ignored/>
  </testcase> <!-- testLoginWithInvalidPassword -->
  <testcase classname="com.qa.swaglabs.tests.LoginTest" name="testLoginWithEmptyUsernameField" time="0.0">
    <ignored/>
  </testcase> <!-- testLoginWithEmptyUsernameField -->
  <testcase classname="com.qa.swaglabs.tests.PLPTest" name="sortByPrice_Low" time="0.0">
    <ignored/>
  </testcase> <!-- sortByPrice_Low -->
  <testcase classname="com.qa.swaglabs.tests.CheckoutTest" name="testCheckoutWithEmptyZip" time="0.0">
    <ignored/>
  </testcase> <!-- testCheckoutWithEmptyZip -->
  <testcase classname="com.qa.swaglabs.tests.LoginTest" name="testLoginwithLockedUser" time="0.0">
    <ignored/>
  </testcase> <!-- testLoginwithLockedUser -->
  <testcase classname="com.qa.swaglabs.tests.CheckoutTest" name="testReturnToHomepageAfterOrder" time="0.0">
    <ignored/>
  </testcase> <!-- testReturnToHomepageAfterOrder -->
  <testcase classname="com.qa.swaglabs.tests.CheckoutTest" name="testCheckoutWithEmptyLastName" time="0.0">
    <ignored/>
  </testcase> <!-- testCheckoutWithEmptyLastName -->
  <testcase classname="com.qa.swaglabs.tests.CheckoutTest" name="testProceedToCheckoutForm" time="0.0">
    <ignored/>
  </testcase> <!-- testProceedToCheckoutForm -->
</testsuite> <!-- Critical Priority Tests -->
