<?xml version="1.0" encoding="UTF-8"?>
<testng-results ignored="7" total="15" passed="8" failed="0" skipped="0">
  <reporter-output>
  </reporter-output>
  <suite started-at="2026-01-27T21:58:09 CET" name="Validation Test Suite" finished-at="2026-01-27T21:58:19 CET" duration-ms="9637">
    <groups>
      <group name="negative">
        <method signature="CheckoutTest.testCheckoutWithEmptyFirstName()[pri:0, instance:com.qa.swaglabs.tests.CheckoutTest@3b0090a4]" name="testCheckoutWithEmptyFirstName" class="com.qa.swaglabs.tests.CheckoutTest"/>
        <method signature="CheckoutTest.testCheckoutWithEmptyLastName()[pri:0, instance:com.qa.swaglabs.tests.CheckoutTest@3b0090a4]" name="testCheckoutWithEmptyLastName" class="com.qa.swaglabs.tests.CheckoutTest"/>
        <method signature="CheckoutTest.testCheckoutWithEmptyZip()[pri:0, instance:com.qa.swaglabs.tests.CheckoutTest@3b0090a4]" name="testCheckoutWithEmptyZip" class="com.qa.swaglabs.tests.CheckoutTest"/>
        <method signature="LoginTest.testLoginWithEmptyPasswordField()[pri:0, instance:com.qa.swaglabs.tests.LoginTest@443118b0]" name="testLoginWithEmptyPasswordField" class="com.qa.swaglabs.tests.LoginTest"/>
        <method signature="LoginTest.testLoginWithEmptyUsernameField()[pri:0, instance:com.qa.swaglabs.tests.LoginTest@443118b0]" name="testLoginWithEmptyUsernameField" class="com.qa.swaglabs.tests.LoginTest"/>
        <method signature="LoginTest.testLoginWithInvalidCredential()[pri:0, instance:com.qa.swaglabs.tests.LoginTest@443118b0]" name="testLoginWithInvalidCredential" class="com.qa.swaglabs.tests.LoginTest"/>
        <method signature="LoginTest.testLoginWithInvalidPassword()[pri:0, instance:com.qa.swaglabs.tests.LoginTest@443118b0]" name="testLoginWithInvalidPassword" class="com.qa.swaglabs.tests.LoginTest"/>
        <method signature="LoginTest.testLoginwithLockedUser()[pri:0, instance:com.qa.swaglabs.tests.LoginTest@443118b0]" name="testLoginwithLockedUser" class="com.qa.swaglabs.tests.LoginTest"/>
      </group> <!-- negative -->
      <group name="checkout">
        <method signature="CheckoutTest.testCheckoutWithEmptyFirstName()[pri:0, instance:com.qa.swaglabs.tests.CheckoutTest@3b0090a4]" name="testCheckoutWithEmptyFirstName" class="com.qa.swaglabs.tests.CheckoutTest"/>
        <method signature="CheckoutTest.testCheckoutWithEmptyLastName()[pri:0, instance:com.qa.swaglabs.tests.CheckoutTest@3b0090a4]" name="testCheckoutWithEmptyLastName" class="com.qa.swaglabs.tests.CheckoutTest"/>
        <method signature="CheckoutTest.testCheckoutWithEmptyZip()[pri:0, instance:com.qa.swaglabs.tests.CheckoutTest@3b0090a4]" name="testCheckoutWithEmptyZip" class="com.qa.swaglabs.tests.CheckoutTest"/>
      </group> <!-- checkout -->
      <group name="validation">
        <method signature="CheckoutTest.testCheckoutWithEmptyFirstName()[pri:0, instance:com.qa.swaglabs.tests.CheckoutTest@3b0090a4]" name="testCheckoutWithEmptyFirstName" class="com.qa.swaglabs.tests.CheckoutTest"/>
        <method signature="CheckoutTest.testCheckoutWithEmptyLastName()[pri:0, instance:com.qa.swaglabs.tests.CheckoutTest@3b0090a4]" name="testCheckoutWithEmptyLastName" class="com.qa.swaglabs.tests.CheckoutTest"/>
        <method signature="CheckoutTest.testCheckoutWithEmptyZip()[pri:0, instance:com.qa.swaglabs.tests.CheckoutTest@3b0090a4]" name="testCheckoutWithEmptyZip" class="com.qa.swaglabs.tests.CheckoutTest"/>
        <method signature="LoginTest.testLoginWithEmptyPasswordField()[pri:0, instance:com.qa.swaglabs.tests.LoginTest@443118b0]" name="testLoginWithEmptyPasswordField" class="com.qa.swaglabs.tests.LoginTest"/>
        <method signature="LoginTest.testLoginWithEmptyUsernameField()[pri:0, instance:com.qa.swaglabs.tests.LoginTest@443118b0]" name="testLoginWithEmptyUsernameField" class="com.qa.swaglabs.tests.LoginTest"/>
        <method signature="LoginTest.testLoginWithInvalidCredential()[pri:0, instance:com.qa.swaglabs.tests.LoginTest@443118b0]" name="testLoginWithInvalidCredential" class="com.qa.swaglabs.tests.LoginTest"/>
        <method signature="LoginTest.testLoginWithInvalidPassword()[pri:0, instance:com.qa.swaglabs.tests.LoginTest@443118b0]" name="testLoginWithInvalidPassword" class="com.qa.swaglabs.tests.LoginTest"/>
        <method signature="LoginTest.testLoginwithLockedUser()[pri:0, instance:com.qa.swaglabs.tests.LoginTest@443118b0]" name="testLoginwithLockedUser" class="com.qa.swaglabs.tests.LoginTest"/>
      </group> <!-- validation -->
      <group name="authentication">
        <method signature="LoginTest.testLoginWithEmptyPasswordField()[pri:0, instance:com.qa.swaglabs.tests.LoginTest@443118b0]" name="testLoginWithEmptyPasswordField" class="com.qa.swaglabs.tests.LoginTest"/>
        <method signature="LoginTest.testLoginWithEmptyUsernameField()[pri:0, instance:com.qa.swaglabs.tests.LoginTest@443118b0]" name="testLoginWithEmptyUsernameField" class="com.qa.swaglabs.tests.LoginTest"/>
        <method signature="LoginTest.testLoginWithInvalidCredential()[pri:0, instance:com.qa.swaglabs.tests.LoginTest@443118b0]" name="testLoginWithInvalidCredential" class="com.qa.swaglabs.tests.LoginTest"/>
        <method signature="LoginTest.testLoginWithInvalidPassword()[pri:0, instance:com.qa.swaglabs.tests.LoginTest@443118b0]" name="testLoginWithInvalidPassword" class="com.qa.swaglabs.tests.LoginTest"/>
        <method signature="LoginTest.testLoginwithLockedUser()[pri:0, instance:com.qa.swaglabs.tests.LoginTest@443118b0]" name="testLoginwithLockedUser" class="com.qa.swaglabs.tests.LoginTest"/>
      </group> <!-- authentication -->
    </groups>
    <test started-at="2026-01-27T21:58:09 CET" name="Form Validation Tests" finished-at="2026-01-27T21:58:19 CET" duration-ms="9637">
      <class name="com.qa.swaglabs.tests.CheckoutTest">
        <test-method is-config="true" signature="setup(java.lang.String)[pri:0, instance:com.qa.swaglabs.tests.CheckoutTest@3b0090a4]" started-at="2026-01-27T21:58:15 CET" name="setup" finished-at="2026-01-27T21:58:16 CET" duration-ms="797" status="PASS">
          <params>
            <param index="0">
              <value>
                <![CDATA[chrome]]>
              </value>
            </param>
          </params>
          <reporter-output>
          </reporter-output>
        </test-method> <!-- setup -->
        <test-method is-config="true" signature="testSetup()[pri:0, instance:com.qa.swaglabs.tests.CheckoutTest@3b0090a4]" started-at="2026-01-27T21:58:16 CET" name="testSetup" finished-at="2026-01-27T21:58:16 CET" duration-ms="131" status="PASS">
          <reporter-output>
          </reporter-output>
        </test-method> <!-- testSetup -->
        <test-method signature="testCheckoutWithEmptyFirstName()[pri:0, instance:com.qa.swaglabs.tests.CheckoutTest@3b0090a4]" started-at="2026-01-27T21:58:16 CET" name="testCheckoutWithEmptyFirstName" description="Verify checkout fails when first name is empty" finished-at="2026-01-27T21:58:16 CET" duration-ms="156" status="PASS">
          <reporter-output>
          </reporter-output>
        </test-method> <!-- testCheckoutWithEmptyFirstName -->
        <test-method is-config="true" signature="testTeardown()[pri:0, instance:com.qa.swaglabs.tests.CheckoutTest@3b0090a4]" started-at="2026-01-27T21:58:16 CET" name="testTeardown" finished-at="2026-01-27T21:58:16 CET" duration-ms="84" status="PASS">
          <reporter-output>
          </reporter-output>
        </test-method> <!-- testTeardown -->
        <test-method is-config="true" signature="tearDown()[pri:0, instance:com.qa.swaglabs.tests.CheckoutTest@3b0090a4]" started-at="2026-01-27T21:58:16 CET" name="tearDown" finished-at="2026-01-27T21:58:16 CET" duration-ms="1" status="PASS">
          <reporter-output>
          </reporter-output>
        </test-method> <!-- tearDown -->
        <test-method is-config="true" signature="setup(java.lang.String)[pri:0, instance:com.qa.swaglabs.tests.CheckoutTest@3b0090a4]" started-at="2026-01-27T21:58:16 CET" name="setup" finished-at="2026-01-27T21:58:17 CET" duration-ms="882" status="PASS">
          <params>
            <param index="0">
              <value>
                <![CDATA[chrome]]>
              </value>
            </param>
          </params>
          <reporter-output>
          </reporter-output>
        </test-method> <!-- setup -->
        <test-method is-config="true" signature="testSetup()[pri:0, instance:com.qa.swaglabs.tests.CheckoutTest@3b0090a4]" started-at="2026-01-27T21:58:17 CET" name="testSetup" finished-at="2026-01-27T21:58:17 CET" duration-ms="133" status="PASS">
          <reporter-output>
          </reporter-output>
        </test-method> <!-- testSetup -->
        <test-method signature="testCheckoutWithEmptyLastName()[pri:0, instance:com.qa.swaglabs.tests.CheckoutTest@3b0090a4]" started-at="2026-01-27T21:58:17 CET" name="testCheckoutWithEmptyLastName" description="Verify checkout fails when last name is empty" finished-at="2026-01-27T21:58:17 CET" duration-ms="155" status="PASS">
          <reporter-output>
          </reporter-output>
        </test-method> <!-- testCheckoutWithEmptyLastName -->
        <test-method is-config="true" signature="testTeardown()[pri:0, instance:com.qa.swaglabs.tests.CheckoutTest@3b0090a4]" started-at="2026-01-27T21:58:17 CET" name="testTeardown" finished-at="2026-01-27T21:58:17 CET" duration-ms="85" status="PASS">
          <reporter-output>
          </reporter-output>
        </test-method> <!-- testTeardown -->
        <test-method is-config="true" signature="setup(java.lang.String)[pri:0, instance:com.qa.swaglabs.tests.CheckoutTest@3b0090a4]" started-at="2026-01-27T21:58:17 CET" name="setup" finished-at="2026-01-27T21:58:18 CET" duration-ms="826" status="PASS">
          <params>
            <param index="0">
              <value>
                <![CDATA[chrome]]>
              </value>
            </param>
          </params>
          <reporter-output>
          </reporter-output>
        </test-method> <!-- setup -->
        <test-method is-config="true" signature="tearDown()[pri:0, instance:com.qa.swaglabs.tests.CheckoutTest@3b0090a4]" started-at="2026-01-27T21:58:17 CET" name="tearDown" finished-at="2026-01-27T21:58:17 CET" duration-ms="0" status="PASS">
          <reporter-output>
          </reporter-output>
        </test-method> <!-- tearDown -->
        <test-method is-config="true" signature="testSetup()[pri:0, instance:com.qa.swaglabs.tests.CheckoutTest@3b0090a4]" started-at="2026-01-27T21:58:18 CET" name="testSetup" finished-at="2026-01-27T21:58:18 CET" duration-ms="133" status="PASS">
          <reporter-output>
          </reporter-output>
        </test-method> <!-- testSetup -->
        <test-method signature="testCheckoutWithEmptyZip()[pri:0, instance:com.qa.swaglabs.tests.CheckoutTest@3b0090a4]" started-at="2026-01-27T21:58:18 CET" name="testCheckoutWithEmptyZip" description="Verify checkout fails when Zip Code is empty" finished-at="2026-01-27T21:58:18 CET" duration-ms="155" status="PASS">
          <reporter-output>
          </reporter-output>
        </test-method> <!-- testCheckoutWithEmptyZip -->
        <test-method is-config="true" signature="testTeardown()[pri:0, instance:com.qa.swaglabs.tests.CheckoutTest@3b0090a4]" started-at="2026-01-27T21:58:18 CET" name="testTeardown" finished-at="2026-01-27T21:58:19 CET" duration-ms="84" status="PASS">
          <reporter-output>
          </reporter-output>
        </test-method> <!-- testTeardown -->
        <test-method is-config="true" signature="tearDown()[pri:0, instance:com.qa.swaglabs.tests.CheckoutTest@3b0090a4]" started-at="2026-01-27T21:58:19 CET" name="tearDown" finished-at="2026-01-27T21:58:19 CET" duration-ms="0" status="PASS">
          <reporter-output>
          </reporter-output>
        </test-method> <!-- tearDown -->
      </class> <!-- com.qa.swaglabs.tests.CheckoutTest -->
      <class name="com.qa.swaglabs.tests.LoginTest">
        <test-method is-config="true" signature="setup(java.lang.String)[pri:0, instance:com.qa.swaglabs.tests.LoginTest@443118b0]" started-at="2026-01-27T21:58:09 CET" name="setup" finished-at="2026-01-27T21:58:10 CET" duration-ms="1118" status="PASS">
          <params>
            <param index="0">
              <value>
                <![CDATA[chrome]]>
              </value>
            </param>
          </params>
          <reporter-output>
          </reporter-output>
        </test-method> <!-- setup -->
        <test-method is-config="true" signature="testSetup()[pri:0, instance:com.qa.swaglabs.tests.LoginTest@443118b0]" started-at="2026-01-27T21:58:10 CET" name="testSetup" finished-at="2026-01-27T21:58:10 CET" duration-ms="2" status="PASS">
          <reporter-output>
          </reporter-output>
        </test-method> <!-- testSetup -->
        <test-method signature="testLoginWithEmptyPasswordField()[pri:0, instance:com.qa.swaglabs.tests.LoginTest@443118b0]" started-at="2026-01-27T21:58:10 CET" name="testLoginWithEmptyPasswordField" description="Verify login fails with empty password" finished-at="2026-01-27T21:58:10 CET" duration-ms="135" status="PASS">
          <reporter-output>
          </reporter-output>
        </test-method> <!-- testLoginWithEmptyPasswordField -->
        <test-method is-config="true" signature="teardown()[pri:0, instance:com.qa.swaglabs.tests.LoginTest@443118b0]" started-at="2026-01-27T21:58:10 CET" name="teardown" finished-at="2026-01-27T21:58:10 CET" duration-ms="78" status="PASS">
          <reporter-output>
          </reporter-output>
        </test-method> <!-- teardown -->
        <test-method is-config="true" signature="tearDown()[pri:0, instance:com.qa.swaglabs.tests.LoginTest@443118b0]" started-at="2026-01-27T21:58:10 CET" name="tearDown" finished-at="2026-01-27T21:58:10 CET" duration-ms="0" status="PASS">
          <reporter-output>
          </reporter-output>
        </test-method> <!-- tearDown -->
        <test-method is-config="true" signature="setup(java.lang.String)[pri:0, instance:com.qa.swaglabs.tests.LoginTest@443118b0]" started-at="2026-01-27T21:58:10 CET" name="setup" finished-at="2026-01-27T21:58:11 CET" duration-ms="1008" status="PASS">
          <params>
            <param index="0">
              <value>
                <![CDATA[chrome]]>
              </value>
            </param>
          </params>
          <reporter-output>
          </reporter-output>
        </test-method> <!-- setup -->
        <test-method is-config="true" signature="testSetup()[pri:0, instance:com.qa.swaglabs.tests.LoginTest@443118b0]" started-at="2026-01-27T21:58:11 CET" name="testSetup" finished-at="2026-01-27T21:58:11 CET" duration-ms="1" status="PASS">
          <reporter-output>
          </reporter-output>
        </test-method> <!-- testSetup -->
        <test-method signature="testLoginWithEmptyUsernameField()[pri:0, instance:com.qa.swaglabs.tests.LoginTest@443118b0]" started-at="2026-01-27T21:58:11 CET" name="testLoginWithEmptyUsernameField" description="Verify login fails with empty username" finished-at="2026-01-27T21:58:11 CET" duration-ms="135" status="PASS">
          <reporter-output>
          </reporter-output>
        </test-method> <!-- testLoginWithEmptyUsernameField -->
        <test-method is-config="true" signature="teardown()[pri:0, instance:com.qa.swaglabs.tests.LoginTest@443118b0]" started-at="2026-01-27T21:58:11 CET" name="teardown" finished-at="2026-01-27T21:58:12 CET" duration-ms="83" status="PASS">
          <reporter-output>
          </reporter-output>
        </test-method> <!-- teardown -->
        <test-method is-config="true" signature="tearDown()[pri:0, instance:com.qa.swaglabs.tests.LoginTest@443118b0]" started-at="2026-01-27T21:58:12 CET" name="tearDown" finished-at="2026-01-27T21:58:12 CET" duration-ms="1" status="PASS">
          <reporter-output>
          </reporter-output>
        </test-method> <!-- tearDown -->
        <test-method is-config="true" signature="setup(java.lang.String)[pri:0, instance:com.qa.swaglabs.tests.LoginTest@443118b0]" started-at="2026-01-27T21:58:12 CET" name="setup" finished-at="2026-01-27T21:58:13 CET" duration-ms="999" status="PASS">
          <params>
            <param index="0">
              <value>
                <![CDATA[chrome]]>
              </value>
            </param>
          </params>
          <reporter-output>
          </reporter-output>
        </test-method> <!-- setup -->
        <test-method is-config="true" signature="testSetup()[pri:0, instance:com.qa.swaglabs.tests.LoginTest@443118b0]" started-at="2026-01-27T21:58:13 CET" name="testSetup" finished-at="2026-01-27T21:58:13 CET" duration-ms="1" status="PASS">
          <reporter-output>
          </reporter-output>
        </test-method> <!-- testSetup -->
        <test-method signature="testLoginWithInvalidCredential()[pri:0, instance:com.qa.swaglabs.tests.LoginTest@443118b0]" started-at="2026-01-27T21:58:13 CET" name="testLoginWithInvalidCredential" description="Verify login fails with invalid credentials" finished-at="2026-01-27T21:58:13 CET" duration-ms="137" status="PASS">
          <reporter-output>
          </reporter-output>
        </test-method> <!-- testLoginWithInvalidCredential -->
        <test-method is-config="true" signature="teardown()[pri:0, instance:com.qa.swaglabs.tests.LoginTest@443118b0]" started-at="2026-01-27T21:58:13 CET" name="teardown" finished-at="2026-01-27T21:58:13 CET" duration-ms="81" status="PASS">
          <reporter-output>
          </reporter-output>
        </test-method> <!-- teardown -->
        <test-method is-config="true" signature="setup(java.lang.String)[pri:0, instance:com.qa.swaglabs.tests.LoginTest@443118b0]" started-at="2026-01-27T21:58:13 CET" name="setup" finished-at="2026-01-27T21:58:14 CET" duration-ms="799" status="PASS">
          <params>
            <param index="0">
              <value>
                <![CDATA[chrome]]>
              </value>
            </param>
          </params>
          <reporter-output>
          </reporter-output>
        </test-method> <!-- setup -->
        <test-method is-config="true" signature="tearDown()[pri:0, instance:com.qa.swaglabs.tests.LoginTest@443118b0]" started-at="2026-01-27T21:58:13 CET" name="tearDown" finished-at="2026-01-27T21:58:13 CET" duration-ms="0" status="PASS">
          <reporter-output>
          </reporter-output>
        </test-method> <!-- tearDown -->
        <test-method signature="testLoginWithInvalidPassword()[pri:0, instance:com.qa.swaglabs.tests.LoginTest@443118b0]" started-at="2026-01-27T21:58:14 CET" name="testLoginWithInvalidPassword" description="Verify login fails with invalid password" finished-at="2026-01-27T21:58:14 CET" duration-ms="141" status="PASS">
          <reporter-output>
          </reporter-output>
        </test-method> <!-- testLoginWithInvalidPassword -->
        <test-method is-config="true" signature="testSetup()[pri:0, instance:com.qa.swaglabs.tests.LoginTest@443118b0]" started-at="2026-01-27T21:58:14 CET" name="testSetup" finished-at="2026-01-27T21:58:14 CET" duration-ms="0" status="PASS">
          <reporter-output>
          </reporter-output>
        </test-method> <!-- testSetup -->
        <test-method is-config="true" signature="teardown()[pri:0, instance:com.qa.swaglabs.tests.LoginTest@443118b0]" started-at="2026-01-27T21:58:14 CET" name="teardown" finished-at="2026-01-27T21:58:14 CET" duration-ms="83" status="PASS">
          <reporter-output>
          </reporter-output>
        </test-method> <!-- teardown -->
        <test-method is-config="true" signature="tearDown()[pri:0, instance:com.qa.swaglabs.tests.LoginTest@443118b0]" started-at="2026-01-27T21:58:14 CET" name="tearDown" finished-at="2026-01-27T21:58:14 CET" duration-ms="0" status="PASS">
          <reporter-output>
          </reporter-output>
        </test-method> <!-- tearDown -->
        <test-method is-config="true" signature="setup(java.lang.String)[pri:0, instance:com.qa.swaglabs.tests.LoginTest@443118b0]" started-at="2026-01-27T21:58:14 CET" name="setup" finished-at="2026-01-27T21:58:15 CET" duration-ms="962" status="PASS">
          <params>
            <param index="0">
              <value>
                <![CDATA[chrome]]>
              </value>
            </param>
          </params>
          <reporter-output>
          </reporter-output>
        </test-method> <!-- setup -->
        <test-method is-config="true" signature="testSetup()[pri:0, instance:com.qa.swaglabs.tests.LoginTest@443118b0]" started-at="2026-01-27T21:58:15 CET" name="testSetup" finished-at="2026-01-27T21:58:15 CET" duration-ms="1" status="PASS">
          <reporter-output>
          </reporter-output>
        </test-method> <!-- testSetup -->
        <test-method signature="testLoginwithLockedUser()[pri:0, instance:com.qa.swaglabs.tests.LoginTest@443118b0]" started-at="2026-01-27T21:58:15 CET" name="testLoginwithLockedUser" description="Verify blocked user can&#039;t login" finished-at="2026-01-27T21:58:15 CET" duration-ms="146" status="PASS">
          <reporter-output>
          </reporter-output>
        </test-method> <!-- testLoginwithLockedUser -->
        <test-method is-config="true" signature="teardown()[pri:0, instance:com.qa.swaglabs.tests.LoginTest@443118b0]" started-at="2026-01-27T21:58:15 CET" name="teardown" finished-at="2026-01-27T21:58:15 CET" duration-ms="83" status="PASS">
          <reporter-output>
          </reporter-output>
        </test-method> <!-- teardown -->
        <test-method is-config="true" signature="tearDown()[pri:0, instance:com.qa.swaglabs.tests.LoginTest@443118b0]" started-at="2026-01-27T21:58:15 CET" name="tearDown" finished-at="2026-01-27T21:58:15 CET" duration-ms="0" status="PASS">
          <reporter-output>
          </reporter-output>
        </test-method> <!-- tearDown -->
      </class> <!-- com.qa.swaglabs.tests.LoginTest -->
    </test> <!-- Form Validation Tests -->
  </suite> <!-- Validation Test Suite -->
</testng-results>
