<?xml version="1.0" encoding="UTF-8"?>
<testng-results ignored="7" total="8" passed="1" failed="0" skipped="0">
  <reporter-output>
  </reporter-output>
  <suite started-at="2026-01-28T11:02:02 CET" name="Default suite" finished-at="2026-01-28T11:02:03 CET" duration-ms="1506">
    <groups>
      <group name="smoke">
        <method signature="PLPTest.testAddProductFromPDP()[pri:0, instance:com.qa.swaglabs.tests.PLPTest@2d901eb0]" name="testAddProductFromPDP" class="com.qa.swaglabs.tests.PLPTest"/>
      </group> <!-- smoke -->
    </groups>
    <test started-at="2026-01-28T11:02:02 CET" name="Default test" finished-at="2026-01-28T11:02:03 CET" duration-ms="1506">
      <class name="com.qa.swaglabs.tests.PLPTest">
        <test-method is-config="true" signature="setup(java.lang.String)[pri:0, instance:com.qa.swaglabs.tests.PLPTest@2d901eb0]" started-at="2026-01-28T11:02:02 CET" name="setup" finished-at="2026-01-28T11:02:03 CET" duration-ms="1169" status="PASS">
          <params>
            <param index="0">
              <value>
                <![CDATA[chrome]]>
              </value>
            </param>
          </params>
          <reporter-output>
          </reporter-output>
        </test-method> <!-- setup -->
        <test-method is-config="true" signature="testSetup()[pri:0, instance:com.qa.swaglabs.tests.PLPTest@2d901eb0]" started-at="2026-01-28T11:02:03 CET" name="testSetup" finished-at="2026-01-28T11:02:03 CET" duration-ms="158" status="PASS">
          <reporter-output>
          </reporter-output>
        </test-method> <!-- testSetup -->
        <test-method signature="testAddProductFromPDP()[pri:0, instance:com.qa.swaglabs.tests.PLPTest@2d901eb0]" started-at="2026-01-28T11:02:03 CET" name="testAddProductFromPDP" description="Verify user can add a product to the cart from PDP" finished-at="2026-01-28T11:02:03 CET" duration-ms="78" status="PASS">
          <reporter-output>
          </reporter-output>
        </test-method> <!-- testAddProductFromPDP -->
        <test-method is-config="true" signature="teardown()[pri:0, instance:com.qa.swaglabs.tests.PLPTest@2d901eb0]" started-at="2026-01-28T11:02:03 CET" name="teardown" finished-at="2026-01-28T11:02:03 CET" duration-ms="87" status="PASS">
          <reporter-output>
          </reporter-output>
        </test-method> <!-- teardown -->
        <test-method is-config="true" signature="tearDown()[pri:0, instance:com.qa.swaglabs.tests.PLPTest@2d901eb0]" started-at="2026-01-28T11:02:03 CET" name="tearDown" finished-at="2026-01-28T11:02:03 CET" duration-ms="1" status="PASS">
          <reporter-output>
          </reporter-output>
        </test-method> <!-- tearDown -->
      </class> <!-- com.qa.swaglabs.tests.PLPTest -->
    </test> <!-- Default test -->
  </suite> <!-- Default suite -->
</testng-results>
