<?xml version="1.0" encoding="UTF-8"?>
<!-- Generated by org.testng.reporters.JUnitXMLReporter -->
<testsuite ignored="11" hostname="MacBook-Pro.local" failures="0" tests="4" name="Chrome Browser - Smoke Tests" time="4.926" errors="0" timestamp="2026-01-27T21:51:18 CET">
  <testcase classname="com.qa.swaglabs.tests.LoginTest" name="testLoginWithValidCredential" time="0.144"/>
  <testcase classname="com.qa.swaglabs.tests.CheckoutTest" name="fillCheckoutForm" time="0.171"/>
  <testcase classname="com.qa.swaglabs.tests.CheckoutTest" name="testCompleteOrder" time="0.194"/>
  <testcase classname="com.qa.swaglabs.tests.CheckoutTest" name="testProceedToCheckoutForm" time="0.079"/>
  <testcase classname="com.qa.swaglabs.tests.LoginTest" name="testLoginWithEmptyUsernameField" time="0.0">
    <ignored/>
  </testcase> <!-- testLoginWithEmptyUsernameField -->
  <testcase classname="com.qa.swaglabs.tests.CheckoutTest" name="testOrderTotalCalculation" time="0.0">
    <ignored/>
  </testcase> <!-- testOrderTotalCalculation -->
  <testcase classname="com.qa.swaglabs.tests.CheckoutTest" name="testReturnToHomepageAfterOrder" time="0.0">
    <ignored/>
  </testcase> <!-- testReturnToHomepageAfterOrder -->
  <testcase classname="com.qa.swaglabs.tests.LoginTest" name="testLoginWithInvalidCredential" time="0.0">
    <ignored/>
  </testcase> <!-- testLoginWithInvalidCredential -->
  <testcase classname="com.qa.swaglabs.tests.LoginTest" name="testLoginWithInvalidPassword" time="0.0">
    <ignored/>
  </testcase> <!-- testLoginWithInvalidPassword -->
  <testcase classname="com.qa.swaglabs.tests.LoginTest" name="testLoginWithEmptyPasswordField" time="0.0">
    <ignored/>
  </testcase> <!-- testLoginWithEmptyPasswordField -->
  <testcase classname="com.qa.swaglabs.tests.CheckoutTest" name="testCheckoutWithEmptyLastName" time="0.0">
    <ignored/>
  </testcase> <!-- testCheckoutWithEmptyLastName -->
  <testcase classname="com.qa.swaglabs.tests.CheckoutTest" name="testCheckoutWithEmptyZip" time="0.0">
    <ignored/>
  </testcase> <!-- testCheckoutWithEmptyZip -->
  <testcase classname="com.qa.swaglabs.tests.CheckoutTest" name="testCheckoutWithEmptyCart" time="0.0">
    <ignored/>
  </testcase> <!-- testCheckoutWithEmptyCart -->
  <testcase classname="com.qa.swaglabs.tests.LoginTest" name="testLoginwithLockedUser" time="0.0">
    <ignored/>
  </testcase> <!-- testLoginwithLockedUser -->
  <testcase classname="com.qa.swaglabs.tests.CheckoutTest" name="testCheckoutWithEmptyFirstName" time="0.0">
    <ignored/>
  </testcase> <!-- testCheckoutWithEmptyFirstName -->
</testsuite> <!-- Chrome Browser - Smoke Tests -->
