<?xml version="1.0" encoding="UTF-8"?>
<!-- Generated by org.testng.reporters.JUnitXMLReporter -->
<testsuite ignored="9" hostname="MacBook-Pro.local" failures="0" tests="14" name="All Positive Scenarios" time="18.428" errors="0" timestamp="2026-01-27T21:56:03 CET">
  <testcase classname="com.qa.swaglabs.tests.LoginTest" name="testLoginWithValidCredential" time="0.141"/>
  <testcase classname="com.qa.swaglabs.tests.PLPTest" name="addProductFromPDP" time="0.072"/>
  <testcase classname="com.qa.swaglabs.tests.PLPTest" name="addProductToCart" time="0.085"/>
  <testcase classname="com.qa.swaglabs.tests.PLPTest" name="openCart" time="0.094"/>
  <testcase classname="com.qa.swaglabs.tests.PLPTest" name="openPDP" time="0.043"/>
  <testcase classname="com.qa.swaglabs.tests.PLPTest" name="pageLoadsCorrectly" time="0.005"/>
  <testcase classname="com.qa.swaglabs.tests.PLPTest" name="removeProductFromCart" time="0.104"/>
  <testcase classname="com.qa.swaglabs.tests.PLPTest" name="sortByNameA_Z" time="0.062"/>
  <testcase classname="com.qa.swaglabs.tests.PLPTest" name="sortByPrice_Low" time="0.066"/>
  <testcase classname="com.qa.swaglabs.tests.CheckoutTest" name="fillCheckoutForm" time="0.147"/>
  <testcase classname="com.qa.swaglabs.tests.CheckoutTest" name="testCompleteOrder" time="0.17"/>
  <testcase classname="com.qa.swaglabs.tests.CheckoutTest" name="testOrderTotalCalculation" time="0.167"/>
  <testcase classname="com.qa.swaglabs.tests.CheckoutTest" name="testProceedToCheckoutForm" time="0.071"/>
  <testcase classname="com.qa.swaglabs.tests.CheckoutTest" name="testReturnToHomepageAfterOrder" time="0.19"/>
  <testcase classname="com.qa.swaglabs.tests.LoginTest" name="testLoginWithEmptyPasswordField" time="0.0">
    <ignored/>
  </testcase> <!-- testLoginWithEmptyPasswordField -->
  <testcase classname="com.qa.swaglabs.tests.LoginTest" name="testLoginWithInvalidCredential" time="0.0">
    <ignored/>
  </testcase> <!-- testLoginWithInvalidCredential -->
  <testcase classname="com.qa.swaglabs.tests.CheckoutTest" name="testCheckoutWithEmptyCart" time="0.0">
    <ignored/>
  </testcase> <!-- testCheckoutWithEmptyCart -->
  <testcase classname="com.qa.swaglabs.tests.CheckoutTest" name="testCheckoutWithEmptyFirstName" time="0.0">
    <ignored/>
  </testcase> <!-- testCheckoutWithEmptyFirstName -->
  <testcase classname="com.qa.swaglabs.tests.LoginTest" name="testLoginWithInvalidPassword" time="0.0">
    <ignored/>
  </testcase> <!-- testLoginWithInvalidPassword -->
  <testcase classname="com.qa.swaglabs.tests.LoginTest" name="testLoginWithEmptyUsernameField" time="0.0">
    <ignored/>
  </testcase> <!-- testLoginWithEmptyUsernameField -->
  <testcase classname="com.qa.swaglabs.tests.CheckoutTest" name="testCheckoutWithEmptyZip" time="0.0">
    <ignored/>
  </testcase> <!-- testCheckoutWithEmptyZip -->
  <testcase classname="com.qa.swaglabs.tests.LoginTest" name="testLoginwithLockedUser" time="0.0">
    <ignored/>
  </testcase> <!-- testLoginwithLockedUser -->
  <testcase classname="com.qa.swaglabs.tests.CheckoutTest" name="testCheckoutWithEmptyLastName" time="0.0">
    <ignored/>
  </testcase> <!-- testCheckoutWithEmptyLastName -->
</testsuite> <!-- All Positive Scenarios -->
