<?xml version="1.0" encoding="UTF-8"?>
<!-- Generated by org.testng.reporters.JUnitReportReporter -->
<testsuite hostname="MacBook-Pro.local" failures="0" tests="5" name="com.qa.swaglabs.tests.LoginTest" time="5.994" errors="0" timestamp="2026-01-27T21:58:19 CET" skipped="0">
  <testcase classname="com.qa.swaglabs.tests.LoginTest" name="testLoginWithEmptyPasswordField" time="1.222"/>
  <testcase classname="com.qa.swaglabs.tests.LoginTest" name="testLoginWithInvalidPassword" time="1.023"/>
  <testcase classname="com.qa.swaglabs.tests.LoginTest" name="testLoginwithLockedUser" time="1.191"/>
  <testcase classname="com.qa.swaglabs.tests.LoginTest" name="testLoginWithInvalidCredential" time="1.340"/>
  <testcase classname="com.qa.swaglabs.tests.LoginTest" name="testLoginWithEmptyUsernameField" time="1.218"/>
</testsuite> <!-- com.qa.swaglabs.tests.LoginTest -->
