<?xml version="1.0" encoding="UTF-8"?>
<!-- Generated by org.testng.reporters.JUnitReportReporter -->
<testsuite hostname="MacBook-Pro.local" failures="0" tests="7" name="com.qa.swaglabs.PLPTesting" time="15.613" errors="0" timestamp="2026-01-24T17:27:42 CET" skipped="0">
  <testcase classname="com.qa.swaglabs.PLPTesting" name="openCart" time="1.436"/>
  <testcase classname="com.qa.swaglabs.PLPTesting" name="removeProductFromCart" time="1.182"/>
  <testcase classname="com.qa.swaglabs.PLPTesting" name="pageLoadsCorrectly" time="1.499"/>
  <testcase classname="com.qa.swaglabs.PLPTesting" name="openPDP" time="4.632"/>
  <testcase classname="com.qa.swaglabs.PLPTesting" name="sortByPrice_Low" time="2.846"/>
  <testcase classname="com.qa.swaglabs.PLPTesting" name="addProductToCart" time="2.824"/>
  <testcase classname="com.qa.swaglabs.PLPTesting" name="sortByNameA_Z" time="1.194"/>
</testsuite> <!-- com.qa.swaglabs.PLPTesting -->
