<?xml version="1.0" encoding="UTF-8"?>
<!-- Generated by org.testng.reporters.JUnitReportReporter -->
<testsuite hostname="MacBook-Pro.local" failures="0" tests="6" name="com.qa.swaglabs.LoginTest" time="8.488" errors="0" timestamp="2026-01-24T11:50:42 CET" skipped="0">
  <testcase classname="com.qa.swaglabs.LoginTest" name="loginWithEmptyPasswordField" time="1.519"/>
  <testcase classname="com.qa.swaglabs.LoginTest" name="loginWithInvalidCredential" time="1.092"/>
  <testcase classname="com.qa.swaglabs.LoginTest" name="loginWithInvalidPassword" time="2.035"/>
  <testcase classname="com.qa.swaglabs.LoginTest" name="loginWithValidCredential" time="1.501"/>
  <testcase classname="com.qa.swaglabs.LoginTest" name="loginwithLockedUser" time="1.048"/>
  <testcase classname="com.qa.swaglabs.LoginTest" name="loginWithEmptyUsernameField" time="1.293"/>
</testsuite> <!-- com.qa.swaglabs.LoginTest -->
