<?xml version="1.0" encoding="UTF-8"?>
<!-- Generated by org.testng.reporters.JUnitReportReporter -->
<testsuite hostname="MacBook-Pro.local" failures="0" tests="6" name="com.qa.swaglabs.tests.LoginTest" time="9.080" errors="0" timestamp="2026-01-28T10:55:39 CET" skipped="0">
  <testcase classname="com.qa.swaglabs.tests.LoginTest" name="testLoginWithInvalidPassword" time="1.555"/>
  <testcase classname="com.qa.swaglabs.tests.LoginTest" name="testLoginWithValidCredentials" time="1.143"/>
  <testcase classname="com.qa.swaglabs.tests.LoginTest" name="testLoginWithEmptyPasswordField" time="2.110"/>
  <testcase classname="com.qa.swaglabs.tests.LoginTest" name="testLoginWithEmptyUsernameField" time="1.046"/>
  <testcase classname="com.qa.swaglabs.tests.LoginTest" name="testLoginWithLockedUser" time="1.285"/>
  <testcase classname="com.qa.swaglabs.tests.LoginTest" name="testLoginWithInvalidCredentials" time="1.941"/>
</testsuite> <!-- com.qa.swaglabs.tests.LoginTest -->
