<?xml version="1.0" encoding="UTF-8"?>
<!-- Generated by org.testng.reporters.JUnitReportReporter -->
<testsuite hostname="MacBook-Pro.local" failures="0" tests="3" name="com.qa.swaglabs.tests.PLPTest" time="3.486" errors="0" timestamp="2026-01-27T21:57:40 CET" skipped="0">
  <testcase classname="com.qa.swaglabs.tests.PLPTest" name="openCart" time="1.185"/>
  <testcase classname="com.qa.swaglabs.tests.PLPTest" name="addProductToCart" time="1.187"/>
  <testcase classname="com.qa.swaglabs.tests.PLPTest" name="pageLoadsCorrectly" time="1.114"/>
</testsuite> <!-- com.qa.swaglabs.tests.PLPTest -->
