<?xml version="1.0" encoding="UTF-8"?>
<!-- Generated by org.testng.reporters.JUnitReportReporter -->
<testsuite hostname="MacBook-Pro.local" failures="0" tests="9" name="com.qa.swaglabs.tests.CheckoutTest" time="10.986" errors="0" timestamp="2026-01-28T10:55:39 CET" skipped="0">
  <testcase classname="com.qa.swaglabs.tests.CheckoutTest" name="testCheckoutWithEmptyFirstName" time="1.222"/>
  <testcase classname="com.qa.swaglabs.tests.CheckoutTest" name="testCompleteOrder" time="1.193"/>
  <testcase classname="com.qa.swaglabs.tests.CheckoutTest" name="testCheckoutWithEmptyZip" time="1.262"/>
  <testcase classname="com.qa.swaglabs.tests.CheckoutTest" name="testOrderTotalCalculation" time="1.195"/>
  <testcase classname="com.qa.swaglabs.tests.CheckoutTest" name="testCheckoutWithEmptyCart" time="1.156"/>
  <testcase classname="com.qa.swaglabs.tests.CheckoutTest" name="testProceedToCheckoutForm" time="1.167"/>
  <testcase classname="com.qa.swaglabs.tests.CheckoutTest" name="testReturnToHomepageAfterOrder" time="1.250"/>
  <testcase classname="com.qa.swaglabs.tests.CheckoutTest" name="testCheckoutWithEmptyLastName" time="1.228"/>
  <testcase classname="com.qa.swaglabs.tests.CheckoutTest" name="testFillCheckoutForm" time="1.313"/>
</testsuite> <!-- com.qa.swaglabs.tests.CheckoutTest -->
